<?xml version="1.0" encoding="UTF-8"?>
<testng-results ignored="0" total="1" passed="1" failed="0" skipped="0">
  <reporter-output>
  </reporter-output>
  <suite started-at="2025-12-12T11:39:15 IST" name="Surefire suite" finished-at="2025-12-12T11:39:36 IST" duration-ms="21059">
    <groups>
    </groups>
    <test started-at="2025-12-12T11:39:15 IST" name="Surefire test" finished-at="2025-12-12T11:39:36 IST" duration-ms="21059">
      <class name="test.LoginTest">
        <test-method is-config="true" signature="setUp()[pri:0, instance:test.LoginTest@145eaa29]" started-at="2025-12-12T11:39:15 IST" name="setUp" finished-at="2025-12-12T11:39:19 IST" duration-ms="4736" status="PASS">
          <reporter-output>
          </reporter-output>
        </test-method> <!-- setUp -->
        <test-method signature="test()[pri:0, instance:test.LoginTest@145eaa29]" started-at="2025-12-12T11:39:19 IST" name="test" finished-at="2025-12-12T11:39:35 IST" duration-ms="15417" status="PASS">
          <reporter-output>
          </reporter-output>
        </test-method> <!-- test -->
        <test-method is-config="true" signature="tearDown()[pri:0, instance:test.LoginTest@145eaa29]" started-at="2025-12-12T11:39:35 IST" name="tearDown" finished-at="2025-12-12T11:39:36 IST" duration-ms="885" status="PASS">
          <reporter-output>
          </reporter-output>
        </test-method> <!-- tearDown -->
      </class> <!-- test.LoginTest -->
    </test> <!-- Surefire test -->
  </suite> <!-- Surefire suite -->
</testng-results>
