<?xml version="1.0" encoding="UTF-8"?>
<testng-results ignored="0" total="1" passed="1" failed="0" skipped="0">
  <reporter-output>
  </reporter-output>
  <suite started-at="2025-12-12T11:36:41 IST" name="LoginSuite" finished-at="2025-12-12T11:36:49 IST" duration-ms="7902">
    <groups>
    </groups>
    <test started-at="2025-12-12T11:36:41 IST" name="LoginTests" finished-at="2025-12-12T11:36:49 IST" duration-ms="7902">
      <class name="test.LoginTest">
        <test-method is-config="true" signature="setUp()[pri:0, instance:test.LoginTest@313ac989]" started-at="2025-12-12T11:36:41 IST" name="setUp" finished-at="2025-12-12T11:36:45 IST" duration-ms="4004" status="PASS">
          <reporter-output>
          </reporter-output>
        </test-method> <!-- setUp -->
        <test-method signature="test()[pri:0, instance:test.LoginTest@313ac989]" started-at="2025-12-12T11:36:45 IST" name="test" finished-at="2025-12-12T11:36:49 IST" duration-ms="3683" status="PASS">
          <reporter-output>
          </reporter-output>
        </test-method> <!-- test -->
        <test-method is-config="true" signature="tearDown()[pri:0, instance:test.LoginTest@313ac989]" started-at="2025-12-12T11:36:49 IST" name="tearDown" finished-at="2025-12-12T11:36:49 IST" duration-ms="184" status="PASS">
          <reporter-output>
          </reporter-output>
        </test-method> <!-- tearDown -->
      </class> <!-- test.LoginTest -->
    </test> <!-- LoginTests -->
  </suite> <!-- LoginSuite -->
</testng-results>
