<?xml version="1.0" encoding="UTF-8"?>
<!-- Generated by org.testng.reporters.JUnitXMLReporter -->
<testsuite ignored="0" hostname="LAPTOP-33148ITF" failures="1" tests="1" name="LoginTests" time="0.03" errors="0" timestamp="2025-12-15T10:36:18 IST">
  <testcase classname="test.LoginTest" name="testLoginWithValidCredential" time="0.0">
    <failure type="java.lang.RuntimeException" message="java.io.FileNotFoundException: C:\Users\Hp\Documents\Eclipse workspace\TestData\TestData,xlsx (The system cannot find the file specified)">
      <![CDATA[java.lang.RuntimeException: java.io.FileNotFoundException: C:\Users\Hp\Documents\Eclipse workspace\TestData\TestData,xlsx (The system cannot find the file specified)
at java.base/java.util.ArrayList.forEach(ArrayList.java:1596)
Caused by: java.io.FileNotFoundException: C:\Users\Hp\Documents\Eclipse workspace\TestData\TestData,xlsx (The system cannot find the file specified)
at java.base/java.io.FileInputStream.open0(Native Method)
at java.base/java.io.FileInputStream.open(FileInputStream.java:213)
at java.base/java.io.FileInputStream.<init>(FileInputStream.java:152)
at java.base/java.io.FileInputStream.<init>(FileInputStream.java:106)
at utils.ExcelUtils.loadExcel(ExcelUtils.java:22)
at test.LoginTest.getLoginData(LoginTest.java:23)
... 25 more
... Removed 30 stack frames]]>
    </failure>
  </testcase> <!-- testLoginWithValidCredential -->
</testsuite> <!-- LoginTests -->
